INFO: 2019/03/08 10:05:56 Service dependencies resolved...
INFO: 2019/03/08 10:05:56 Starting edgex-core-command 0.7.1 
INFO: 2019/03/08 10:05:56 This is the Core Command Microservice
INFO: 2019/03/08 10:05:56 Service started in: 662.775981ms
INFO: 2019/03/08 10:05:56 Listening on port: 48082
WARN: 2019/03/08 18:48:59 terminating: interrupt
INFO: 2019/03/19 12:48:24 Service dependencies resolved...
INFO: 2019/03/19 12:48:24 Starting edgex-core-command 0.7.1 
INFO: 2019/03/19 12:48:24 This is the Core Command Microservice
INFO: 2019/03/19 12:48:24 Service started in: 1.015990511s
INFO: 2019/03/19 12:48:24 Listening on port: 48082
WARN: 2019/03/19 12:48:24 terminating: listen tcp :48082: bind: address already in use
INFO: 2019/03/19 12:50:21 Service dependencies resolved...
INFO: 2019/03/19 12:50:21 Starting edgex-core-command 0.7.1 
INFO: 2019/03/19 12:50:21 This is the Core Command Microservice
INFO: 2019/03/19 12:50:21 Service started in: 687.013849ms
INFO: 2019/03/19 12:50:21 Listening on port: 48082
WARN: 2019/03/19 12:50:22 terminating: listen tcp :48082: bind: address already in use
INFO: 2019/03/19 12:52:56 Service dependencies resolved...
INFO: 2019/03/19 12:52:56 Starting edgex-core-command 0.7.1 
INFO: 2019/03/19 12:52:56 This is the Core Command Microservice
INFO: 2019/03/19 12:52:56 Service started in: 127.536732ms
INFO: 2019/03/19 12:52:56 Listening on port: 48082
WARN: 2019/03/19 12:52:56 terminating: listen tcp :48082: bind: address already in use
